# JRE version: Java(TM) SE Runtime Environment (21.0.3+7) (build 21.0.3+7-LTS-152)
# Java VM: Java HotSpot(TM) 64-Bit Server VM (21.0.3+7-LTS-152, mixed mode, sharing, tiered, compressed oops, compressed class ptrs, g1 gc, windows-amd64)
GC Precious Log:
 CardTable entry size: 512
 Card Set container configuration: InlinePtr #cards 5 size 8 Array Of Cards #cards 12 size 40 Howl #buckets 4 coarsen threshold 1843 Howl Bitmap #cards 512 size 80 coarsen threshold 460 Card regions per heap region 1 cards per card region 2048
 CPUs: 4 total, 4 available
 Memory: 8111M
 Large Page Support: Disabled
 NUMA Support: Disabled
 Compressed Oops: Enabled (32-bit)
 Heap Region Size: 1M
 Heap Min Capacity: 256M
 Heap Initial Capacity: 256M
 Heap Max Capacity: 512M
 Pre-touch: Disabled
 Parallel Workers: 4
 Concurrent Workers: 1
 Concurrent Refinement Workers: 4
 Periodic GC: Disabled
Heap:
 garbage-first heap   total 262144K, used 73706K [0x00000000e0000000, 0x0000000100000000)
  region size 1024K, 17 young (17408K), 7 survivors (7168K)
 Metaspace       used 63453K, committed 67136K, reserved 393216K
  class space    used 8344K, committed 9920K, reserved 327680K
GC Heap History (20 events):
Event: 3157.396 GC heap before
{Heap before GC invocations=43 (full 0):
 garbage-first heap   total 262144K, used 211756K [0x00000000e0000000, 0x0000000100000000)
  region size 1024K, 153 young (156672K), 10 survivors (10240K)
 Metaspace       used 63118K, committed 67072K, reserved 393216K
  class space    used 8324K, committed 9920K, reserved 327680K
}
Event: 3157.403 GC heap after
{Heap after GC invocations=44 (full 0):
 garbage-first heap   total 262144K, used 62259K [0x00000000e0000000, 0x0000000100000000)
  region size 1024K, 6 young (6144K), 6 survivors (6144K)
 Metaspace       used 63118K, committed 67072K, reserved 393216K
  class space    used 8324K, committed 9920K, reserved 327680K
}
Event: 3407.669 GC heap before
{Heap before GC invocations=44 (full 0):
 garbage-first heap   total 262144K, used 211763K [0x00000000e0000000, 0x0000000100000000)
  region size 1024K, 153 young (156672K), 6 survivors (6144K)
 Metaspace       used 63158K, committed 67072K, reserved 393216K
  class space    used 8328K, committed 9920K, reserved 327680K
}
Event: 3407.678 GC heap after
{Heap after GC invocations=45 (full 0):
 garbage-first heap   total 262144K, used 65304K [0x00000000e0000000, 0x0000000100000000)
  region size 1024K, 8 young (8192K), 8 survivors (8192K)
 Metaspace       used 63158K, committed 67072K, reserved 393216K
  class space    used 8328K, committed 9920K, reserved 327680K
}
Event: 3425.449 GC heap before
{Heap before GC invocations=45 (full 0):
 garbage-first heap   total 262144K, used 212760K [0x00000000e0000000, 0x0000000100000000)
  region size 1024K, 153 young (156672K), 8 survivors (8192K)
 Metaspace       used 63164K, committed 67072K, reserved 393216K
  class space    used 8329K, committed 9920K, reserved 327680K
}
Event: 3425.456 GC heap after
{Heap after GC invocations=46 (full 0):
 garbage-first heap   total 262144K, used 65413K [0x00000000e0000000, 0x0000000100000000)
  region size 1024K, 8 young (8192K), 8 survivors (8192K)
 Metaspace       used 63164K, committed 67072K, reserved 393216K
  class space    used 8329K, committed 9920K, reserved 327680K
}
Event: 3529.169 GC heap before
{Heap before GC invocations=46 (full 0):
 garbage-first heap   total 262144K, used 214917K [0x00000000e0000000, 0x0000000100000000)
  region size 1024K, 153 young (156672K), 8 survivors (8192K)
 Metaspace       used 63197K, committed 67072K, reserved 393216K
  class space    used 8329K, committed 9920K, reserved 327680K
}
Event: 3529.176 GC heap after
{Heap after GC invocations=47 (full 0):
 garbage-first heap   total 262144K, used 64276K [0x00000000e0000000, 0x0000000100000000)
  region size 1024K, 7 young (7168K), 7 survivors (7168K)
 Metaspace       used 63197K, committed 67072K, reserved 393216K
  class space    used 8329K, committed 9920K, reserved 327680K
}
Event: 3600.041 GC heap before
{Heap before GC invocations=47 (full 0):
 garbage-first heap   total 262144K, used 212756K [0x00000000e0000000, 0x0000000100000000)
  region size 1024K, 153 young (156672K), 7 survivors (7168K)
 Metaspace       used 63205K, committed 67072K, reserved 393216K
  class space    used 8329K, committed 9920K, reserved 327680K
}
Event: 3600.054 GC heap after
{Heap after GC invocations=48 (full 0):
 garbage-first heap   total 262144K, used 67684K [0x00000000e0000000, 0x0000000100000000)
  region size 1024K, 10 young (10240K), 10 survivors (10240K)
 Metaspace       used 63205K, committed 67072K, reserved 393216K
  class space    used 8329K, committed 9920K, reserved 327680K
}
Event: 3605.736 GC heap before
{Heap before GC invocations=48 (full 0):
 garbage-first heap   total 262144K, used 213092K [0x00000000e0000000, 0x0000000100000000)
  region size 1024K, 153 young (156672K), 10 survivors (10240K)
 Metaspace       used 63211K, committed 67072K, reserved 393216K
  class space    used 8329K, committed 9920K, reserved 327680K
}
Event: 3605.744 GC heap after
{Heap after GC invocations=49 (full 0):
 garbage-first heap   total 262144K, used 66664K [0x00000000e0000000, 0x0000000100000000)
  region size 1024K, 9 young (9216K), 9 survivors (9216K)
 Metaspace       used 63211K, committed 67072K, reserved 393216K
  class space    used 8329K, committed 9920K, reserved 327680K
}
Event: 3786.391 GC heap before
{Heap before GC invocations=49 (full 0):
 garbage-first heap   total 262144K, used 215144K [0x00000000e0000000, 0x0000000100000000)
  region size 1024K, 153 young (156672K), 9 survivors (9216K)
 Metaspace       used 63382K, committed 67136K, reserved 393216K
  class space    used 8339K, committed 9920K, reserved 327680K
}
Event: 3786.398 GC heap after
{Heap after GC invocations=50 (full 0):
 garbage-first heap   total 262144K, used 63419K [0x00000000e0000000, 0x0000000100000000)
  region size 1024K, 6 young (6144K), 6 survivors (6144K)
 Metaspace       used 63382K, committed 67136K, reserved 393216K
  class space    used 8339K, committed 9920K, reserved 327680K
}
Event: 4012.954 GC heap before
{Heap before GC invocations=50 (full 0):
 garbage-first heap   total 262144K, used 212923K [0x00000000e0000000, 0x0000000100000000)
  region size 1024K, 153 young (156672K), 6 survivors (6144K)
 Metaspace       used 63439K, committed 67136K, reserved 393216K
  class space    used 8344K, committed 9920K, reserved 327680K
}
Event: 4012.968 GC heap after
{Heap after GC invocations=51 (full 0):
 garbage-first heap   total 262144K, used 67706K [0x00000000e0000000, 0x0000000100000000)
  region size 1024K, 10 young (10240K), 10 survivors (10240K)
 Metaspace       used 63439K, committed 67136K, reserved 393216K
  class space    used 8344K, committed 9920K, reserved 327680K
}
Event: 4018.740 GC heap before
{Heap before GC invocations=51 (full 0):
 garbage-first heap   total 262144K, used 213114K [0x00000000e0000000, 0x0000000100000000)
  region size 1024K, 153 young (156672K), 10 survivors (10240K)
 Metaspace       used 63440K, committed 67136K, reserved 393216K
  class space    used 8344K, committed 9920K, reserved 327680K
}
Event: 4018.748 GC heap after
{Heap after GC invocations=52 (full 0):
 garbage-first heap   total 262144K, used 67120K [0x00000000e0000000, 0x0000000100000000)
  region size 1024K, 10 young (10240K), 10 survivors (10240K)
 Metaspace       used 63440K, committed 67136K, reserved 393216K
  class space    used 8344K, committed 9920K, reserved 327680K
}
Event: 4405.421 GC heap before
{Heap before GC invocations=52 (full 0):
 garbage-first heap   total 262144K, used 214576K [0x00000000e0000000, 0x0000000100000000)
  region size 1024K, 153 young (156672K), 10 survivors (10240K)
 Metaspace       used 63451K, committed 67136K, reserved 393216K
  class space    used 8344K, committed 9920K, reserved 327680K
}
Event: 4405.430 GC heap after
{Heap after GC invocations=53 (full 0):
 garbage-first heap   total 262144K, used 64490K [0x00000000e0000000, 0x0000000100000000)
  region size 1024K, 7 young (7168K), 7 survivors (7168K)
 Metaspace       used 63451K, committed 67136K, reserved 393216K
  class space    used 8344K, committed 9920K, reserved 327680K
}

